<?xml version="1.0" encoding="UTF-8"?>
<!-- Generated by org.testng.reporters.JUnitReportReporter -->
<testsuite skipped="0" hostname="NicoDell" name="com.ahorcadoGame.ExampleTest" tests="1" failures="0" timestamp="20 ago 2019 22:20:55 GMT" time="8.994" errors="0">
  <testcase name="exampleTest" time="8.994" classname="com.ahorcadoGame.ExampleTest"/>
</testsuite> <!-- com.ahorcadoGame.ExampleTest -->
